52.0 APEX_CODE,FINEST;APEX_PROFILING,INFO;CALLOUT,INFO;DB,INFO;NBA,INFO;SYSTEM,DEBUG;VALIDATION,INFO;VISUALFORCE,FINER;WAVE,INFO;WORKFLOW,INFO
13:01:17.2 (2168782)|USER_INFO|[EXTERNAL]|0055e000002eeZm|dillonfreeman1998@resilient-moose-d19mat.com|(GMT-07:00) Pacific Daylight Time (America/Los_Angeles)|GMT-07:00
13:01:17.2 (2236813)|EXECUTION_STARTED
13:01:17.2 (2244601)|CODE_UNIT_STARTED|[EXTERNAL]|01p5e00000AK6jx|AccountCustomControllerTest.testsetupmethodacc()
13:01:17.2 (2573776)|HEAP_ALLOCATE|[79]|Bytes:3
13:01:17.2 (2652487)|HEAP_ALLOCATE|[84]|Bytes:152
13:01:17.2 (2670103)|HEAP_ALLOCATE|[399]|Bytes:408
13:01:17.2 (2688545)|HEAP_ALLOCATE|[412]|Bytes:408
13:01:17.2 (2703591)|HEAP_ALLOCATE|[520]|Bytes:48
13:01:17.2 (2733376)|HEAP_ALLOCATE|[139]|Bytes:6
13:01:17.2 (2748882)|HEAP_ALLOCATE|[EXTERNAL]|Bytes:14
13:01:17.2 (2823658)|METHOD_ENTRY|[2]|01p5e00000AK6jx|AccountCustomControllerTest.AccountCustomControllerTest()
13:01:17.2 (2840325)|STATEMENT_EXECUTE|[2]
13:01:17.2 (2857364)|STATEMENT_EXECUTE|[2]
13:01:17.2 (2892964)|METHOD_EXIT|[2]|AccountCustomControllerTest
13:01:17.2 (2943573)|HEAP_ALLOCATE|[52]|Bytes:5
13:01:17.2 (2994363)|HEAP_ALLOCATE|[58]|Bytes:5
13:01:17.2 (3006942)|HEAP_ALLOCATE|[66]|Bytes:7
13:01:17.2 (3092610)|STATEMENT_EXECUTE|[3]
13:01:17.2 (3095720)|STATEMENT_EXECUTE|[4]
13:01:17.2 (4366262)|HEAP_ALLOCATE|[4]|Bytes:136
13:01:17.2 (4381721)|HEAP_ALLOCATE|[4]|Bytes:15
13:01:17.2 (4408824)|METHOD_ENTRY|[1]|01p5e00000AJhLc|AccountCustomController.AccountCustomController()
13:01:17.2 (4415369)|STATEMENT_EXECUTE|[1]
13:01:17.2 (4420364)|STATEMENT_EXECUTE|[1]
13:01:17.2 (4425303)|METHOD_EXIT|[1]|AccountCustomController
13:01:17.2 (4553045)|HEAP_ALLOCATE|[4]|Bytes:16
13:01:17.2 (4616031)|CONSTRUCTOR_ENTRY|[4]|01p5e00000AJhLc|<init>()|AccountCustomController
13:01:17.2 (4713062)|VARIABLE_SCOPE_BEGIN|[10]|this|AccountCustomController|true|false
13:01:17.2 (4890243)|VARIABLE_ASSIGNMENT|[10]|this|{}|0x62acaed5
13:01:17.2 (4901511)|STATEMENT_EXECUTE|[1]
13:01:17.2 (4903770)|STATEMENT_EXECUTE|[8]
13:01:17.2 (4905572)|STATEMENT_EXECUTE|[9]
13:01:17.2 (4907226)|STATEMENT_EXECUTE|[17]
13:01:17.2 (4928230)|HEAP_ALLOCATE|[11]|Bytes:6
13:01:17.2 (6207980)|STATEMENT_EXECUTE|[10]
13:01:17.2 (6212262)|STATEMENT_EXECUTE|[11]
13:01:17.2 (6230392)|HEAP_ALLOCATE|[11]|Bytes:4
13:01:17.2 (6511915)|VARIABLE_ASSIGNMENT|[EXTERNAL]|this|{}|0x62acaed5
13:01:17.2 (6528877)|HEAP_ALLOCATE|[EXTERNAL]|Bytes:4
13:01:17.2 (6541719)|VARIABLE_ASSIGNMENT|[EXTERNAL]|value|[]|0x7841ad9
13:01:17.2 (6564178)|VARIABLE_ASSIGNMENT|[9]|this.acctList|[]|0x62acaed5
13:01:17.2 (6604677)|STATEMENT_EXECUTE|[12]
13:01:17.2 (6617858)|HEAP_ALLOCATE|[12]|Bytes:4
13:01:17.2 (6697124)|VARIABLE_ASSIGNMENT|[EXTERNAL]|this|{"acctList":"0x7841ad9"}|0x62acaed5
13:01:17.2 (6729970)|VARIABLE_ASSIGNMENT|[EXTERNAL]|value|[]|0x5784dbe1
13:01:17.2 (6742794)|VARIABLE_ASSIGNMENT|[8]|this.acctSet|[]|0x62acaed5
13:01:17.2 (6754952)|CONSTRUCTOR_EXIT|[4]|01p5e00000AJhLc|<init>()|AccountCustomController
13:01:17.2 (6763323)|VARIABLE_SCOPE_BEGIN|[4]|acct|AccountCustomController|true|false
13:01:17.2 (6788436)|VARIABLE_ASSIGNMENT|[4]|acct|{"acctList":"0x7841ad9","acctSet":"0x5784dbe1"}|0x62acaed5
13:01:17.2 (6794592)|STATEMENT_EXECUTE|[5]
13:01:17.2 (6803936)|HEAP_ALLOCATE|[5]|Bytes:4
13:01:17.2 (6837622)|VARIABLE_ASSIGNMENT|[EXTERNAL]|this|{"acctList":"0x7841ad9","acctSet":"0x5784dbe1"}|0x62acaed5
13:01:17.2 (6845902)|HEAP_ALLOCATE|[EXTERNAL]|Bytes:4
13:01:17.2 (6852384)|VARIABLE_ASSIGNMENT|[EXTERNAL]|value|[]|0x1445418f
13:01:17.2 (6861929)|VARIABLE_ASSIGNMENT|[9]|this.acctList|[]|0x62acaed5
13:01:17.2 (6887884)|STATEMENT_EXECUTE|[6]
13:01:17.2 (6893724)|HEAP_ALLOCATE|[6]|Bytes:4
13:01:17.2 (6922868)|VARIABLE_ASSIGNMENT|[EXTERNAL]|this|{"acctList":"0x1445418f","acctSet":"0x5784dbe1"}|0x62acaed5
13:01:17.2 (6938897)|VARIABLE_ASSIGNMENT|[EXTERNAL]|value|[]|0x33b0d30c
13:01:17.2 (6948003)|VARIABLE_ASSIGNMENT|[8]|this.acctSet|[]|0x62acaed5
13:01:17.6 (6971952)|CUMULATIVE_LIMIT_USAGE
13:01:17.6 (6971952)|LIMIT_USAGE_FOR_NS|(default)|
  Number of SOQL queries: 0 out of 100
  Number of query rows: 0 out of 50000
  Number of SOSL queries: 0 out of 20
  Number of DML statements: 0 out of 150
  Number of Publish Immediate DML: 0 out of 150
  Number of DML rows: 0 out of 10000
  Maximum CPU time: 0 out of 10000
  Maximum heap size: 0 out of 6000000
  Number of callouts: 0 out of 100
  Number of Email Invocations: 0 out of 10
  Number of future calls: 0 out of 50
  Number of queueable jobs added to the queue: 0 out of 50
  Number of Mobile Apex push calls: 0 out of 10

13:01:17.6 (6971952)|CUMULATIVE_LIMIT_USAGE_END

13:01:17.2 (7019929)|CODE_UNIT_FINISHED|AccountCustomControllerTest.testsetupmethodacc()
13:01:17.2 (7032334)|EXECUTION_FINISHED
13:01:17.15 (15871412)|USER_INFO|[EXTERNAL]|0055e000002eeZm|dillonfreeman1998@resilient-moose-d19mat.com|(GMT-07:00) Pacific Daylight Time (America/Los_Angeles)|GMT-07:00
13:01:17.15 (15897014)|EXECUTION_STARTED
13:01:17.15 (15901109)|CODE_UNIT_STARTED|[EXTERNAL]|01p5e00000AK6jx|AccountCustomControllerTest.acccontrollertest1()
13:01:17.15 (16014706)|HEAP_ALLOCATE|[79]|Bytes:3
13:01:17.15 (16041354)|HEAP_ALLOCATE|[84]|Bytes:152
13:01:17.15 (16054467)|HEAP_ALLOCATE|[399]|Bytes:408
13:01:17.15 (16069768)|HEAP_ALLOCATE|[412]|Bytes:408
13:01:17.15 (16083665)|HEAP_ALLOCATE|[520]|Bytes:48
13:01:17.15 (16104362)|HEAP_ALLOCATE|[139]|Bytes:6
13:01:17.15 (16116775)|HEAP_ALLOCATE|[EXTERNAL]|Bytes:14
13:01:17.15 (16126280)|METHOD_ENTRY|[2]|01p5e00000AK6jx|AccountCustomControllerTest.AccountCustomControllerTest()
13:01:17.15 (16131608)|STATEMENT_EXECUTE|[2]
13:01:17.15 (16136388)|STATEMENT_EXECUTE|[2]
13:01:17.15 (16140601)|METHOD_EXIT|[2]|AccountCustomControllerTest
13:01:17.15 (16159869)|HEAP_ALLOCATE|[52]|Bytes:5
13:01:17.15 (16176866)|HEAP_ALLOCATE|[58]|Bytes:5
13:01:17.15 (16184263)|HEAP_ALLOCATE|[66]|Bytes:7
13:01:17.15 (16219536)|STATEMENT_EXECUTE|[9]
13:01:17.15 (16221491)|STATEMENT_EXECUTE|[10]
13:01:17.15 (16224429)|HEAP_ALLOCATE|[10]|Bytes:133
13:01:17.15 (16242928)|HEAP_ALLOCATE|[10]|Bytes:4
13:01:17.15 (17611064)|SOQL_EXECUTE_BEGIN|[10]|Aggregations:0|SELECT first_name__c, last_name__c, AnnualRevenue, rating FROM Account WHERE (AnnualRevenue < 50000000 AND AnnualRevenue > 0) LIMIT 1
13:01:17.15 (19940736)|SOQL_EXECUTE_END|[10]|Rows:0
13:01:17.15 (19973188)|HEAP_ALLOCATE|[10]|Bytes:4
13:01:17.15 (20016075)|HEAP_ALLOCATE|[10]|Bytes:0
13:01:17.15 (20061498)|HEAP_ALLOCATE|[10]|Bytes:4
13:01:17.15 (20075553)|HEAP_ALLOCATE|[10]|Bytes:33
13:01:17.15 (20145093)|HEAP_ALLOCATE|[10]|Bytes:46
13:01:17.15 (20302222)|FATAL_ERROR|System.QueryException: List has no rows for assignment to SObject

Class.AccountCustomControllerTest.acccontrollertest1: line 10, column 1
13:01:17.15 (20320645)|FATAL_ERROR|System.QueryException: List has no rows for assignment to SObject

Class.AccountCustomControllerTest.acccontrollertest1: line 10, column 1
13:01:17.20 (20327172)|CUMULATIVE_LIMIT_USAGE
13:01:17.20 (20327172)|LIMIT_USAGE_FOR_NS|(default)|
  Number of SOQL queries: 1 out of 100
  Number of query rows: 0 out of 50000
  Number of SOSL queries: 0 out of 20
  Number of DML statements: 0 out of 150
  Number of Publish Immediate DML: 0 out of 150
  Number of DML rows: 0 out of 10000
  Maximum CPU time: 0 out of 10000
  Maximum heap size: 0 out of 6000000
  Number of callouts: 0 out of 100
  Number of Email Invocations: 0 out of 10
  Number of future calls: 0 out of 50
  Number of queueable jobs added to the queue: 0 out of 50
  Number of Mobile Apex push calls: 0 out of 10

13:01:17.20 (20327172)|CUMULATIVE_LIMIT_USAGE_END

13:01:17.15 (20355466)|CODE_UNIT_FINISHED|AccountCustomControllerTest.acccontrollertest1()
13:01:17.15 (20361401)|EXECUTION_FINISHED
13:01:17.44 (44394969)|USER_INFO|[EXTERNAL]|0055e000002eeZm|dillonfreeman1998@resilient-moose-d19mat.com|(GMT-07:00) Pacific Daylight Time (America/Los_Angeles)|GMT-07:00
13:01:17.44 (44428068)|EXECUTION_STARTED
13:01:17.44 (44432236)|CODE_UNIT_STARTED|[EXTERNAL]|01p5e00000AK6jx|AccountCustomControllerTest.acccontrollertest2()
13:01:17.44 (44571653)|HEAP_ALLOCATE|[79]|Bytes:3
13:01:17.44 (44609406)|HEAP_ALLOCATE|[84]|Bytes:152
13:01:17.44 (44624455)|HEAP_ALLOCATE|[399]|Bytes:408
13:01:17.44 (44640078)|HEAP_ALLOCATE|[412]|Bytes:408
13:01:17.44 (44653098)|HEAP_ALLOCATE|[520]|Bytes:48
13:01:17.44 (44675993)|HEAP_ALLOCATE|[139]|Bytes:6
13:01:17.44 (44688596)|HEAP_ALLOCATE|[EXTERNAL]|Bytes:14
13:01:17.44 (44699134)|METHOD_ENTRY|[2]|01p5e00000AK6jx|AccountCustomControllerTest.AccountCustomControllerTest()
13:01:17.44 (44705316)|STATEMENT_EXECUTE|[2]
13:01:17.44 (44711453)|STATEMENT_EXECUTE|[2]
13:01:17.44 (44716700)|METHOD_EXIT|[2]|AccountCustomControllerTest
13:01:17.44 (44737505)|HEAP_ALLOCATE|[52]|Bytes:5
13:01:17.44 (44771894)|HEAP_ALLOCATE|[58]|Bytes:5
13:01:17.44 (44780521)|HEAP_ALLOCATE|[66]|Bytes:7
13:01:17.44 (44824304)|STATEMENT_EXECUTE|[26]
13:01:17.44 (44826596)|STATEMENT_EXECUTE|[27]
13:01:17.44 (44835881)|HEAP_ALLOCATE|[27]|Bytes:136
13:01:17.44 (44841117)|HEAP_ALLOCATE|[27]|Bytes:15
13:01:17.44 (44848395)|METHOD_ENTRY|[1]|01p5e00000AJhLc|AccountCustomController.AccountCustomController()
13:01:17.44 (44853214)|STATEMENT_EXECUTE|[1]
13:01:17.44 (44855996)|STATEMENT_EXECUTE|[1]
13:01:17.44 (44858986)|METHOD_EXIT|[1]|AccountCustomController
13:01:17.44 (44865006)|HEAP_ALLOCATE|[27]|Bytes:16
13:01:17.44 (44883852)|CONSTRUCTOR_ENTRY|[27]|01p5e00000AJhLc|<init>()|AccountCustomController
13:01:17.44 (44911899)|VARIABLE_SCOPE_BEGIN|[10]|this|AccountCustomController|true|false
13:01:17.44 (44968538)|VARIABLE_ASSIGNMENT|[10]|this|{}|0x73788c94
13:01:17.44 (44977983)|STATEMENT_EXECUTE|[1]
13:01:17.44 (44980122)|STATEMENT_EXECUTE|[8]
13:01:17.44 (44981771)|STATEMENT_EXECUTE|[9]
13:01:17.44 (44983439)|STATEMENT_EXECUTE|[17]
13:01:17.44 (44988587)|HEAP_ALLOCATE|[11]|Bytes:6
13:01:17.44 (45011320)|STATEMENT_EXECUTE|[10]
13:01:17.44 (45013987)|STATEMENT_EXECUTE|[11]
13:01:17.44 (45035902)|HEAP_ALLOCATE|[11]|Bytes:4
13:01:17.44 (45074752)|VARIABLE_ASSIGNMENT|[EXTERNAL]|this|{}|0x73788c94
13:01:17.44 (45085765)|HEAP_ALLOCATE|[EXTERNAL]|Bytes:4
13:01:17.44 (45096438)|VARIABLE_ASSIGNMENT|[EXTERNAL]|value|[]|0x23e7ea95
13:01:17.44 (45111556)|VARIABLE_ASSIGNMENT|[9]|this.acctList|[]|0x73788c94
13:01:17.44 (45122954)|STATEMENT_EXECUTE|[12]
13:01:17.44 (45137326)|HEAP_ALLOCATE|[12]|Bytes:4
13:01:17.44 (45173162)|VARIABLE_ASSIGNMENT|[EXTERNAL]|this|{"acctList":"0x23e7ea95"}|0x73788c94
13:01:17.44 (45206225)|VARIABLE_ASSIGNMENT|[EXTERNAL]|value|[]|0x17674f48
13:01:17.44 (45217351)|VARIABLE_ASSIGNMENT|[8]|this.acctSet|[]|0x73788c94
13:01:17.44 (45228811)|CONSTRUCTOR_EXIT|[27]|01p5e00000AJhLc|<init>()|AccountCustomController
13:01:17.44 (45236842)|VARIABLE_SCOPE_BEGIN|[27]|acct|AccountCustomController|true|false
13:01:17.44 (45260565)|VARIABLE_ASSIGNMENT|[27]|acct|{"acctList":"0x23e7ea95","acctSet":"0x17674f48"}|0x73788c94
13:01:17.44 (45266598)|STATEMENT_EXECUTE|[31]
13:01:17.44 (45270474)|HEAP_ALLOCATE|[31]|Bytes:78
13:01:17.44 (45287866)|HEAP_ALLOCATE|[31]|Bytes:4
13:01:17.44 (45593062)|SOQL_EXECUTE_BEGIN|[31]|Aggregations:0|SELECT first_name__c, last_name__c, AnnualRevenue, rating FROM Account LIMIT 1
13:01:17.44 (47388237)|SOQL_EXECUTE_END|[31]|Rows:0
13:01:17.44 (47422193)|HEAP_ALLOCATE|[31]|Bytes:4
13:01:17.44 (47455859)|HEAP_ALLOCATE|[31]|Bytes:0
13:01:17.44 (47495032)|HEAP_ALLOCATE|[31]|Bytes:4
13:01:17.44 (47510633)|HEAP_ALLOCATE|[31]|Bytes:33
13:01:17.44 (47569646)|HEAP_ALLOCATE|[31]|Bytes:46
13:01:17.44 (47697032)|FATAL_ERROR|System.QueryException: List has no rows for assignment to SObject

Class.AccountCustomControllerTest.acccontrollertest2: line 31, column 1
13:01:17.44 (47710034)|FATAL_ERROR|System.QueryException: List has no rows for assignment to SObject

Class.AccountCustomControllerTest.acccontrollertest2: line 31, column 1
13:01:17.47 (47718574)|CUMULATIVE_LIMIT_USAGE
13:01:17.47 (47718574)|LIMIT_USAGE_FOR_NS|(default)|
  Number of SOQL queries: 1 out of 100
  Number of query rows: 0 out of 50000
  Number of SOSL queries: 0 out of 20
  Number of DML statements: 0 out of 150
  Number of Publish Immediate DML: 0 out of 150
  Number of DML rows: 0 out of 10000
  Maximum CPU time: 0 out of 10000
  Maximum heap size: 0 out of 6000000
  Number of callouts: 0 out of 100
  Number of Email Invocations: 0 out of 10
  Number of future calls: 0 out of 50
  Number of queueable jobs added to the queue: 0 out of 50
  Number of Mobile Apex push calls: 0 out of 10

13:01:17.47 (47718574)|CUMULATIVE_LIMIT_USAGE_END

13:01:17.44 (47747594)|CODE_UNIT_FINISHED|AccountCustomControllerTest.acccontrollertest2()
13:01:17.44 (47754193)|EXECUTION_FINISHED
